<?xml version="1.0" encoding="UTF-8"?>
<!-- Generated by org.testng.reporters.JUnitReportReporter -->
<testsuite hostname="Dashu" failures="0" tests="1" name="testCases.LoginPage" time="11.271" errors="0" timestamp="2023-12-22T02:21:09 IST" skipped="0">
  <testcase classname="testCases.LoginPage" name="loginTest" time="11.271"/>
</testsuite> <!-- testCases.LoginPage -->
